<?xml version="1.0" encoding="UTF-8"?>
<!-- Generated by org.testng.reporters.JUnitReportReporter -->
<testsuite hostname="DESKTOP-7KBB9M5" failures="0" tests="1" name="com.swaglabs.tests.SauceLabLoginPageTests" time="4.918" errors="0" timestamp="02 Aug 2022 17:00:51 GMT" skipped="0">
  <testcase classname="com.swaglabs.tests.SauceLabLoginPageTests" name="loginTest" time="4.918"/>
</testsuite> <!-- com.swaglabs.tests.SauceLabLoginPageTests -->
