<?xml version="1.0" encoding="UTF-8"?>
<!-- Generated by org.testng.reporters.JUnitReportReporter -->
<testsuite hostname="DESKTOP-7KBB9M5" failures="0" tests="2" name="com.swaglabs.tests.SauceLabCartPageTests" time="0.009" errors="0" timestamp="03 Aug 2022 15:10:16 GMT" skipped="0">
  <testcase classname="com.swaglabs.tests.SauceLabCartPageTests" name="validateOrderSuccessMessage" time="0.001"/>
  <testcase classname="com.swaglabs.tests.SauceLabCartPageTests" name="validateOrderSuccessMessage" time="0.008"/>
</testsuite> <!-- com.swaglabs.tests.SauceLabCartPageTests -->
