<?xml version="1.0" encoding="UTF-8"?>
<!-- Generated by org.testng.reporters.JUnitReportReporter -->
<testsuite hostname="DESKTOP-7KBB9M5" failures="0" tests="1" name="com.swaglabs.tests.SauceLabInventoryPageTests" time="4.691" errors="0" timestamp="03 Aug 2022 09:25:32 GMT" skipped="0">
  <testcase classname="com.swaglabs.tests.SauceLabInventoryPageTests" name="addItemToCartTest" time="4.691"/>
</testsuite> <!-- com.swaglabs.tests.SauceLabInventoryPageTests -->
