<?xml version="1.0" encoding="UTF-8"?>
<!-- Generated by org.testng.reporters.JUnitReportReporter -->
<testsuite hostname="DESKTOP-7KBB9M5" failures="0" tests="2" name="com.swaglabs.tests.SauceLabCheckoutCompletePageTests" time="64.996" errors="0" timestamp="03 Aug 2022 15:23:22 GMT" skipped="0">
  <testcase classname="com.swaglabs.tests.SauceLabCheckoutCompletePageTests" name="validateOrderSuccessMessage" time="33.014"/>
  <testcase classname="com.swaglabs.tests.SauceLabCheckoutCompletePageTests" name="validateOrderSuccessMessage" time="31.982"/>
</testsuite> <!-- com.swaglabs.tests.SauceLabCheckoutCompletePageTests -->
