<?xml version="1.0" encoding="UTF-8"?>
<!-- Generated by org.testng.reporters.JUnitReportReporter -->
<testsuite hostname="DESKTOP-7KBB9M5" failures="0" tests="2" name="com.swaglabs.tests.SauceLabCheckoutCompletePageTests" time="66.884" errors="0" timestamp="04 Aug 2022 05:36:23 GMT" skipped="0">
  <testcase classname="com.swaglabs.tests.SauceLabCheckoutCompletePageTests" name="validateOrderSuccessMessage" time="33.721"/>
  <testcase classname="com.swaglabs.tests.SauceLabCheckoutCompletePageTests" name="validateOrderSuccessMessage" time="33.163"/>
</testsuite> <!-- com.swaglabs.tests.SauceLabCheckoutCompletePageTests -->
